<?xml version="1.0" encoding="UTF-8"?>
<!-- Generated by org.testng.reporters.JUnitXMLReporter -->
<testsuite ignored="0" hostname="LAPTOP-HJ8TEQ68" failures="1" tests="8" name="Test" time="18.038" errors="0" timestamp="2023-06-26T21:57:26 IST">
  <testcase classname="Test_Classes.Patch_Retry" name="validator" time="0.0">
    <failure type="org.testng.TestNGException" message="
Cannot inject @Test annotated Method [validator] with [class java.lang.String, class java.lang.String].
For more information on native dependency injection please refer to https://testng.org/doc/documentation-main.html#native-dependency-injection">
      <![CDATA[org.testng.TestNGException: 
Cannot inject @Test annotated Method [validator] with [class java.lang.String, class java.lang.String].
For more information on native dependency injection please refer to https://testng.org/doc/documentation-main.html#native-dependency-injection
at java.base/java.util.ArrayList.forEach(ArrayList.java:1511)
... Removed 26 stack frames]]>
    </failure>
  </testcase> <!-- validator -->
  <testcase classname="Test_Classes.Patch_Retry" name="execute" time="8.345"/>
  <testcase classname="Test_Classes.Post_TC1" name="execute" time="1.755"/>
  <testcase classname="Test_Classes.Put_Retry_TC" name="execute" time="1.284"/>
  <testcase classname="Test_Classes.Put_TC1" name="execute" time="1.061"/>
  <testcase classname="Test_Classes.Patch_TC1" name="execute" time="1.333"/>
  <testcase classname="Test_Classes.Post_TC_U" name="execute" time="1.374"/>
  <testcase classname="Test_Classes.Post_Retry_TC" name="execute" time="1.299"/>
</testsuite> <!-- Test -->
