<?xml version="1.0" encoding="UTF-8"?>
<testng-results ignored="0" total="8" passed="7" failed="1" skipped="0">
  <reporter-output>
  </reporter-output>
  <suite started-at="2023-06-26T21:57:08 IST" name="Suite" finished-at="2023-06-26T21:57:26 IST" duration-ms="18038">
    <groups>
    </groups>
    <test started-at="2023-06-26T21:57:08 IST" name="Test" finished-at="2023-06-26T21:57:26 IST" duration-ms="18038">
      <class name="Test_Classes.Patch_TC1">
        <test-method signature="execute()[pri:0, instance:Test_Classes.Patch_TC1@1b75c2e3]" started-at="2023-06-26T21:57:22 IST" name="execute" finished-at="2023-06-26T21:57:23 IST" duration-ms="1333" status="PASS">
          <reporter-output>
          </reporter-output>
        </test-method> <!-- execute -->
      </class> <!-- Test_Classes.Patch_TC1 -->
      <class name="Test_Classes.Post_TC_U">
        <test-method signature="execute()[pri:0, instance:Test_Classes.Post_TC_U@1984b1f]" started-at="2023-06-26T21:57:23 IST" name="execute" finished-at="2023-06-26T21:57:25 IST" duration-ms="1374" status="PASS">
          <reporter-output>
          </reporter-output>
        </test-method> <!-- execute -->
      </class> <!-- Test_Classes.Post_TC_U -->
      <class name="Test_Classes.Post_TC1">
        <test-method signature="execute()[pri:0, instance:Test_Classes.Post_TC1@7e5c856f]" started-at="2023-06-26T21:57:18 IST" name="execute" finished-at="2023-06-26T21:57:20 IST" duration-ms="1755" status="PASS">
          <reporter-output>
          </reporter-output>
        </test-method> <!-- execute -->
      </class> <!-- Test_Classes.Post_TC1 -->
      <class name="Test_Classes.Patch_Retry">
        <test-method signature="validator(java.lang.String,java.lang.String)[pri:1, instance:Test_Classes.Patch_Retry@181e731e]" started-at="2023-06-26T21:57:08 IST" name="validator" finished-at="2023-06-26T21:57:08 IST" duration-ms="0" status="FAIL">
          <exception class="org.testng.TestNGException">
            <message>
              <![CDATA[
Cannot inject @Test annotated Method [validator] with [class java.lang.String, class java.lang.String].
For more information on native dependency injection please refer to https://testng.org/doc/documentation-main.html#native-dependency-injection]]>
            </message>
            <full-stacktrace>
              <![CDATA[org.testng.TestNGException: 
Cannot inject @Test annotated Method [validator] with [class java.lang.String, class java.lang.String].
For more information on native dependency injection please refer to https://testng.org/doc/documentation-main.html#native-dependency-injection
at org.testng.internal.Parameters.checkParameterTypes(Parameters.java:436)
at org.testng.internal.Parameters.createParametersForMethod(Parameters.java:350)
at org.testng.internal.Parameters.createParameters(Parameters.java:693)
at org.testng.internal.Parameters.handleParameters(Parameters.java:879)
at org.testng.internal.Parameters.handleParameters(Parameters.java:728)
at org.testng.internal.invokers.ParameterHandler.handleParameters(ParameterHandler.java:72)
at org.testng.internal.invokers.ParameterHandler.createParameters(ParameterHandler.java:51)
at org.testng.internal.invokers.TestInvoker$MethodInvocationAgent.invoke(TestInvoker.java:911)
at org.testng.internal.invokers.TestInvoker.invokeTestMethods(TestInvoker.java:200)
at org.testng.internal.invokers.TestMethodWorker.invokeTestMethods(TestMethodWorker.java:148)
at org.testng.internal.invokers.TestMethodWorker.run(TestMethodWorker.java:128)
at java.base/java.util.ArrayList.forEach(ArrayList.java:1511)
at org.testng.TestRunner.privateRun(TestRunner.java:848)
at org.testng.TestRunner.run(TestRunner.java:621)
at org.testng.SuiteRunner.runTest(SuiteRunner.java:443)
at org.testng.SuiteRunner.runSequentially(SuiteRunner.java:437)
at org.testng.SuiteRunner.privateRun(SuiteRunner.java:397)
at org.testng.SuiteRunner.run(SuiteRunner.java:336)
at org.testng.SuiteRunnerWorker.runSuite(SuiteRunnerWorker.java:52)
at org.testng.SuiteRunnerWorker.run(SuiteRunnerWorker.java:95)
at org.testng.TestNG.runSuitesSequentially(TestNG.java:1280)
at org.testng.TestNG.runSuitesLocally(TestNG.java:1200)
at org.testng.TestNG.runSuites(TestNG.java:1114)
at org.testng.TestNG.run(TestNG.java:1082)
at org.testng.remote.AbstractRemoteTestNG.run(AbstractRemoteTestNG.java:115)
at org.testng.remote.RemoteTestNG.initAndRun(RemoteTestNG.java:251)
at org.testng.remote.RemoteTestNG.main(RemoteTestNG.java:77)
]]>
            </full-stacktrace>
          </exception> <!-- org.testng.TestNGException -->
          <reporter-output>
          </reporter-output>
        </test-method> <!-- validator -->
        <test-method signature="execute()[pri:2, instance:Test_Classes.Patch_Retry@181e731e]" started-at="2023-06-26T21:57:10 IST" name="execute" finished-at="2023-06-26T21:57:18 IST" duration-ms="8345" status="PASS">
          <reporter-output>
          </reporter-output>
        </test-method> <!-- execute -->
      </class> <!-- Test_Classes.Patch_Retry -->
      <class name="Test_Classes.Put_TC1">
        <test-method signature="execute()[pri:0, instance:Test_Classes.Put_TC1@1f53a5dc]" started-at="2023-06-26T21:57:21 IST" name="execute" finished-at="2023-06-26T21:57:22 IST" duration-ms="1061" status="PASS">
          <reporter-output>
          </reporter-output>
        </test-method> <!-- execute -->
      </class> <!-- Test_Classes.Put_TC1 -->
      <class name="Test_Classes.Put_Retry_TC">
        <test-method signature="execute()[pri:0, instance:Test_Classes.Put_Retry_TC@413f69cc]" started-at="2023-06-26T21:57:20 IST" name="execute" finished-at="2023-06-26T21:57:21 IST" duration-ms="1284" status="PASS">
          <reporter-output>
          </reporter-output>
        </test-method> <!-- execute -->
      </class> <!-- Test_Classes.Put_Retry_TC -->
      <class name="Test_Classes.Post_Retry_TC">
        <test-method signature="execute()[pri:0, instance:Test_Classes.Post_Retry_TC@3bd323e9]" started-at="2023-06-26T21:57:25 IST" name="execute" finished-at="2023-06-26T21:57:26 IST" duration-ms="1299" status="PASS">
          <reporter-output>
          </reporter-output>
        </test-method> <!-- execute -->
      </class> <!-- Test_Classes.Post_Retry_TC -->
    </test> <!-- Test -->
  </suite> <!-- Suite -->
</testng-results>
